  example.cpp
C:\Users\LDP\source\repos\example\MyForm0.h(34,90): warning C4244: '引數': 將 'double' 轉換為 'float'，由於類型不同，可能導致資料遺失
C:\Users\LDP\source\repos\example\MyForm0.h(36,24): warning C4244: '正在初始化': 將 'double' 轉換為 'int'，由於類型不同，可能導致資料遺失
C:\Users\LDP\source\repos\example\MyForm0.h(37,24): warning C4244: '正在初始化': 將 'double' 轉換為 'int'，由於類型不同，可能導致資料遺失
C:\Users\LDP\source\repos\example\MyForm0.h(41,62): warning C4244: '引數': 將 'double' 轉換為 'int'，由於類型不同，可能導致資料遺失
C:\Users\LDP\source\repos\example\MyForm0.h(41,54): warning C4244: '引數': 將 'double' 轉換為 'int'，由於類型不同，可能導致資料遺失
C:\Users\LDP\source\repos\example\MyForm0.h(42,103): warning C4244: '引數': 將 'double' 轉換為 'int'，由於類型不同，可能導致資料遺失
C:\Users\LDP\source\repos\example\MyForm0.h(42,71): warning C4244: '引數': 將 'double' 轉換為 'int'，由於類型不同，可能導致資料遺失
C:\Users\LDP\source\repos\example\MyForm0.h(48,62): warning C4244: '引數': 將 'double' 轉換為 'int'，由於類型不同，可能導致資料遺失
C:\Users\LDP\source\repos\example\MyForm0.h(48,54): warning C4244: '引數': 將 'double' 轉換為 'int'，由於類型不同，可能導致資料遺失
C:\Users\LDP\source\repos\example\MyForm0.h(49,101): warning C4244: '引數': 將 'double' 轉換為 'int'，由於類型不同，可能導致資料遺失
C:\Users\LDP\source\repos\example\MyForm0.h(55,62): warning C4244: '引數': 將 'double' 轉換為 'int'，由於類型不同，可能導致資料遺失
C:\Users\LDP\source\repos\example\MyForm0.h(55,54): warning C4244: '引數': 將 'double' 轉換為 'int'，由於類型不同，可能導致資料遺失
C:\Users\LDP\source\repos\example\MyForm0.h(56,103): warning C4244: '引數': 將 'double' 轉換為 'int'，由於類型不同，可能導致資料遺失
C:\Users\LDP\source\repos\example\MyForm0.h(56,71): warning C4244: '引數': 將 'double' 轉換為 'int'，由於類型不同，可能導致資料遺失
C:\Users\LDP\source\repos\example\MyForm0.h(65,35): warning C4244: '引數': 將 'double' 轉換為 'int'，由於類型不同，可能導致資料遺失
C:\Users\LDP\source\repos\example\MyForm0.h(66,35): warning C4244: '引數': 將 'double' 轉換為 'int'，由於類型不同，可能導致資料遺失
C:\Users\LDP\source\repos\example\MyForm0.h(67,27): warning C4244: '正在初始化': 將 'double' 轉換為 'int'，由於類型不同，可能導致資料遺失
C:\Users\LDP\source\repos\example\MyForm0.h(68,27): warning C4244: '正在初始化': 將 'double' 轉換為 'int'，由於類型不同，可能導致資料遺失
C:\Users\LDP\source\repos\example\MyForm0.h(77,35): warning C4244: '引數': 將 'double' 轉換為 'int'，由於類型不同，可能導致資料遺失
C:\Users\LDP\source\repos\example\MyForm0.h(78,36): warning C4244: '引數': 將 'double' 轉換為 'int'，由於類型不同，可能導致資料遺失
C:\Users\LDP\source\repos\example\MyForm0.h(79,27): warning C4244: '正在初始化': 將 'double' 轉換為 'int'，由於類型不同，可能導致資料遺失
C:\Users\LDP\source\repos\example\MyForm0.h(80,27): warning C4244: '正在初始化': 將 'double' 轉換為 'int'，由於類型不同，可能導致資料遺失
C:\Users\LDP\source\repos\example\MyForm0.h(89,35): warning C4244: '引數': 將 'double' 轉換為 'int'，由於類型不同，可能導致資料遺失
C:\Users\LDP\source\repos\example\MyForm0.h(90,35): warning C4244: '引數': 將 'double' 轉換為 'int'，由於類型不同，可能導致資料遺失
C:\Users\LDP\source\repos\example\MyForm0.h(101,33): warning C4244: '引數': 將 'double' 轉換為 'int'，由於類型不同，可能導致資料遺失
C:\Users\LDP\source\repos\example\MyForm0.h(102,33): warning C4244: '引數': 將 'double' 轉換為 'int'，由於類型不同，可能導致資料遺失
C:\Users\LDP\source\repos\example\MyForm0.h(103,59): warning C4244: '引數': 將 'double' 轉換為 'int'，由於類型不同，可能導致資料遺失
C:\Users\LDP\source\repos\example\MyForm0.h(110,33): warning C4244: '引數': 將 'double' 轉換為 'int'，由於類型不同，可能導致資料遺失
C:\Users\LDP\source\repos\example\MyForm0.h(111,33): warning C4244: '引數': 將 'double' 轉換為 'int'，由於類型不同，可能導致資料遺失
C:\Users\LDP\source\repos\example\MyForm0.h(112,59): warning C4244: '引數': 將 'double' 轉換為 'int'，由於類型不同，可能導致資料遺失
C:\Users\LDP\source\repos\example\MyForm0.h(120,36): warning C4244: '引數': 將 'double' 轉換為 'int'，由於類型不同，可能導致資料遺失
C:\Users\LDP\source\repos\example\MyForm0.h(121,37): warning C4244: '引數': 將 'double' 轉換為 'int'，由於類型不同，可能導致資料遺失
C:\Users\LDP\source\repos\example\MyForm0.h(137,33): warning C4244: '引數': 將 'double' 轉換為 'int'，由於類型不同，可能導致資料遺失
C:\Users\LDP\source\repos\example\MyForm0.h(138,34): warning C4244: '引數': 將 'double' 轉換為 'int'，由於類型不同，可能導致資料遺失
C:\Users\LDP\source\repos\example\MyForm0.h(139,81): warning C4244: '引數': 將 'double' 轉換為 'int'，由於類型不同，可能導致資料遺失
C:\Users\LDP\source\repos\example\MyForm0.h(184,20): warning C4101: 'sum': 未參考的區域變數
  AssemblyInfo.obj : 發現 MSIL 模組。MSIL 的累加連結已停用。正在執行完整連結
  example.vcxproj -> C:\Users\LDP\source\repos\example\x64\Debug\example.exe
